<?xml version="1.0" encoding="UTF-8"?>
<!-- Generated by org.testng.reporters.JUnitReportReporter -->
<testsuite hostname="LAPTOP-CTV4CP29" failures="0" tests="1" name="SerialAndParallelExecution.Testing2" time="8.463" errors="0" timestamp="2022-11-15T12:36:44 IST" skipped="0">
  <testcase classname="SerialAndParallelExecution.Testing2" name="SetPosition" time="8.463"/>
  <system-out/>
</testsuite> <!-- SerialAndParallelExecution.Testing2 -->
