<?xml version="1.0" encoding="UTF-8"?>
<!-- Generated by org.testng.reporters.JUnitReportReporter -->
<testsuite hostname="LAPTOP-CTV4CP29" failures="0" tests="1" name="SerialAndParallelExecution.Testing4" time="9.756" errors="0" timestamp="2022-11-15T12:49:06 IST" skipped="0">
  <testcase classname="SerialAndParallelExecution.Testing4" name="FacebookLaunch" time="9.756"/>
  <system-out>
    <![CDATA[facebook Launched]]>
  </system-out>
</testsuite> <!-- SerialAndParallelExecution.Testing4 -->
