<?xml version="1.0" encoding="UTF-8"?>
<!-- Generated by org.testng.reporters.JUnitReportReporter -->
<testsuite hostname="LAPTOP-CTV4CP29" failures="0" tests="2" name="TestNG.MyClass" time="20.954" errors="0" timestamp="2023-01-30T11:46:50 IST" skipped="0">
  <testcase classname="TestNG.MyClass" name="GoogleTest" time="11.120"/>
  <system-out>
    <![CDATA[Hii google is working Fine
Hii Google]]>
  </system-out>
  <testcase classname="TestNG.MyClass" name="UpstoxLoginTest" time="9.834"/>
  <system-out>
    <![CDATA[Hii Upstox Working is Fine
Hii Upstox]]>
  </system-out>
</testsuite> <!-- TestNG.MyClass -->
