<?xml version="1.0" encoding="UTF-8"?>
<!-- Generated by org.testng.reporters.JUnitReportReporter -->
<testsuite hostname="LAPTOP-CTV4CP29" failures="0" tests="1" name="VerficationUsingTestNG.AssertNull" time="0.027" errors="0" timestamp="2022-11-16T10:57:56 IST" skipped="0">
  <testcase classname="VerficationUsingTestNG.AssertNull" name="AssertNulluse" time="0.027"/>
  <system-out/>
</testsuite> <!-- VerficationUsingTestNG.AssertNull -->
