<?xml version="1.0" encoding="UTF-8"?>
<!-- Generated by org.testng.reporters.JUnitReportReporter -->
<testsuite hostname="LAPTOP-CTV4CP29" failures="0" tests="1" name="AssertUsingTestNG.AssertNotnull" time="0.018" errors="0" timestamp="2023-01-31T13:04:36 IST" skipped="0">
  <testcase classname="AssertUsingTestNG.AssertNotnull" name="assertnotnull" time="0.018"/>
  <system-out/>
</testsuite> <!-- AssertUsingTestNG.AssertNotnull -->
