<?xml version="1.0" encoding="UTF-8"?>
<!-- Generated by org.testng.reporters.JUnitReportReporter -->
<testsuite hostname="LAPTOP-CTV4CP29" failures="0" tests="1" name="ParallelTestNG.Parallel3" time="12.090" errors="0" timestamp="2023-01-31T12:04:27 IST" skipped="0">
  <testcase classname="ParallelTestNG.Parallel3" name="paytmLaunch" time="12.090"/>
  <system-out>
    <![CDATA[Paytm is Launched]]>
  </system-out>
</testsuite> <!-- ParallelTestNG.Parallel3 -->
