<?xml version="1.0" encoding="UTF-8"?>
<!-- Generated by org.testng.reporters.JUnitReportReporter -->
<testsuite hostname="LAPTOP-CTV4CP29" failures="0" tests="5" name="TestNGKeywords.InvocationCount" time="0.641" errors="0" timestamp="2023-01-31T09:57:57 IST" skipped="0">
  <testcase classname="TestNGKeywords.InvocationCount" name="LoginToApplication" time="0.633"/>
  <system-out>
    <![CDATA[Login to Application is done]]>
  </system-out>
  <testcase classname="TestNGKeywords.InvocationCount" name="LoginToApplication" time="0.002"/>
  <system-out>
    <![CDATA[Login to Application is done]]>
  </system-out>
  <testcase classname="TestNGKeywords.InvocationCount" name="LoginToApplication" time="0.002"/>
  <system-out>
    <![CDATA[Login to Application is done]]>
  </system-out>
  <testcase classname="TestNGKeywords.InvocationCount" name="LoginToApplication" time="0.003"/>
  <system-out>
    <![CDATA[Login to Application is done]]>
  </system-out>
  <testcase classname="TestNGKeywords.InvocationCount" name="LoginToApplication" time="0.001"/>
  <system-out>
    <![CDATA[Login to Application is done]]>
  </system-out>
</testsuite> <!-- TestNGKeywords.InvocationCount -->
