<?xml version="1.0" encoding="UTF-8"?>
<!-- Generated by org.testng.reporters.JUnitReportReporter -->
<testsuite hostname="LAPTOP-CTV4CP29" failures="0" tests="1" name="TestNGAnnotations.Annotation1" time="0.018" errors="0" timestamp="2023-01-30T17:28:26 IST" skipped="0">
  <testcase classname="TestNGAnnotations.Annotation1" name="ValidateUserid" time="0.018"/>
  <system-out>
    <![CDATA[User Id Validated]]>
  </system-out>
</testsuite> <!-- TestNGAnnotations.Annotation1 -->
