<?xml version="1.0" encoding="UTF-8"?>
<!-- Generated by org.testng.reporters.JUnitReportReporter -->
<testsuite hostname="LAPTOP-CTV4CP29" failures="0" tests="2" name="TestNGXML.Testingtwo" time="0.006" errors="0" timestamp="2023-01-31T11:37:06 IST" skipped="0">
  <testcase classname="TestNGXML.Testingtwo" name="J" time="0.002"/>
  <system-out>
    <![CDATA[J Tc is Running]]>
  </system-out>
  <testcase classname="TestNGXML.Testingtwo" name="f" time="0.004"/>
  <system-out>
    <![CDATA[F Tc is Running]]>
  </system-out>
</testsuite> <!-- TestNGXML.Testingtwo -->
