<?xml version="1.0" encoding="UTF-8"?>
<!-- Generated by org.testng.reporters.JUnitReportReporter -->
<testsuite hostname="LAPTOP-CTV4CP29" failures="0" tests="1" name="VerficationUsingTestNG.AssertTrue" time="0.030" errors="0" timestamp="2022-11-16T10:44:23 IST" skipped="0">
  <testcase classname="VerficationUsingTestNG.AssertTrue" name="AssertTrueuse" time="0.030"/>
  <system-out/>
</testsuite> <!-- VerficationUsingTestNG.AssertTrue -->
