<?xml version="1.0" encoding="UTF-8"?>
<!-- Generated by org.testng.reporters.JUnitReportReporter -->
<testsuite hostname="LAPTOP-CTV4CP29" failures="0" tests="2" name="TestNGAnnotations.AnnotatioStudy" time="0.040" errors="0" timestamp="2023-01-30T17:30:15 IST" skipped="0">
  <testcase classname="TestNGAnnotations.AnnotatioStudy" name="RediffMailTest" time="0.023"/>
  <system-out>
    <![CDATA[Rediffmail test is done]]>
  </system-out>
  <testcase classname="TestNGAnnotations.AnnotatioStudy" name="GoogleTest" time="0.017"/>
  <system-out>
    <![CDATA[Google test is done]]>
  </system-out>
</testsuite> <!-- TestNGAnnotations.AnnotatioStudy -->
