<?xml version="1.0" encoding="UTF-8"?>
<!-- Generated by org.testng.reporters.JUnitReportReporter -->
<testsuite hostname="LAPTOP-CTV4CP29" failures="0" tests="1" name="ParallelTestNG.Parallel1" time="10.117" errors="0" timestamp="2023-01-31T11:58:28 IST" skipped="0">
  <testcase classname="ParallelTestNG.Parallel1" name="FacebookLogin" time="10.117"/>
  <system-out>
    <![CDATA[Facebook is Launched]]>
  </system-out>
</testsuite> <!-- ParallelTestNG.Parallel1 -->
