<?xml version="1.0" encoding="UTF-8"?>
<!-- Generated by org.testng.reporters.JUnitReportReporter -->
<testsuite hostname="LAPTOP-CTV4CP29" failures="0" tests="1" name="VerficationUsingTestNG.MyTc" time="14.753" errors="0" timestamp="2022-11-16T10:48:29 IST" skipped="0">
  <testcase classname="VerficationUsingTestNG.MyTc" name="verifyCheckBox" time="14.753"/>
  <system-out/>
</testsuite> <!-- VerficationUsingTestNG.MyTc -->
