<?xml version="1.0" encoding="UTF-8"?>
<!-- Generated by org.testng.reporters.JUnitReportReporter -->
<testsuite hostname="LAPTOP-CTV4CP29" failures="0" tests="5" name="Practise.Inocationcount" time="0.097" errors="0" timestamp="2023-01-31T10:02:57 IST" skipped="0">
  <testcase classname="Practise.Inocationcount" name="LogInInApplication" time="0.008"/>
  <system-out>
    <![CDATA[Log in into Application is done]]>
  </system-out>
  <testcase classname="Practise.Inocationcount" name="LogInInApplication" time="0.060"/>
  <system-out>
    <![CDATA[Log in into Application is done]]>
  </system-out>
  <testcase classname="Practise.Inocationcount" name="LogInInApplication" time="0.007"/>
  <system-out>
    <![CDATA[Log in into Application is done]]>
  </system-out>
  <testcase classname="Practise.Inocationcount" name="LogInInApplication" time="0.013"/>
  <system-out>
    <![CDATA[Log in into Application is done]]>
  </system-out>
  <testcase classname="Practise.Inocationcount" name="LogInInApplication" time="0.009"/>
  <system-out>
    <![CDATA[Log in into Application is done]]>
  </system-out>
</testsuite> <!-- Practise.Inocationcount -->
