<?xml version="1.0" encoding="UTF-8"?>
<!-- Generated by org.testng.reporters.JUnitReportReporter -->
<testsuite hostname="LAPTOP-CTV4CP29" failures="0" tests="1" name="VerficationUsingTestNG.AssertNotnull" time="0.026" errors="0" timestamp="2022-11-16T11:02:10 IST" skipped="0">
  <testcase classname="VerficationUsingTestNG.AssertNotnull" name="assertnotnull" time="0.026"/>
  <system-out/>
</testsuite> <!-- VerficationUsingTestNG.AssertNotnull -->
