<?xml version="1.0" encoding="UTF-8"?>
<!-- Generated by org.testng.reporters.JUnitReportReporter -->
<testsuite hostname="LAPTOP-CTV4CP29" failures="0" tests="1" name="SerialAndParallelExecution.Testing1" time="9.363" errors="0" timestamp="2023-01-31T11:45:12 IST" skipped="0">
  <testcase classname="SerialAndParallelExecution.Testing1" name="SetPosition" time="9.363"/>
  <system-out/>
</testsuite> <!-- SerialAndParallelExecution.Testing1 -->
