<?xml version="1.0" encoding="UTF-8"?>
<!-- Generated by org.testng.reporters.JUnitReportReporter -->
<testsuite hostname="LAPTOP-CTV4CP29" failures="0" tests="1" name="AssertUsingTestNG.AssertTrue" time="0.019" errors="0" timestamp="2023-01-31T13:02:27 IST" skipped="0">
  <testcase classname="AssertUsingTestNG.AssertTrue" name="AssertTrueuse" time="0.019"/>
  <system-out/>
</testsuite> <!-- AssertUsingTestNG.AssertTrue -->
