<?xml version="1.0" encoding="UTF-8"?>
<!-- Generated by org.testng.reporters.JUnitReportReporter -->
<testsuite hostname="LAPTOP-CTV4CP29" failures="0" tests="1" name="CrossBrowserTestNG.GeckoTest" time="12.054" errors="0" timestamp="2022-11-17T16:53:45 IST" skipped="0">
  <testcase classname="CrossBrowserTestNG.GeckoTest" name="FirefoxTest" time="12.054"/>
  <system-out>
    <![CDATA[Hii Upstox Launched Fine
Hii Upstox]]>
  </system-out>
</testsuite> <!-- CrossBrowserTestNG.GeckoTest -->
