<?xml version="1.0" encoding="UTF-8"?>
<!-- Generated by org.testng.reporters.JUnitReportReporter -->
<testsuite hostname="LAPTOP-CTV4CP29" failures="0" tests="4" name="TestNGKeywords.enabled2" time="0.037" errors="0" timestamp="2023-01-31T10:28:46 IST" skipped="1">
  <testcase classname="TestNGKeywords.enabled2" name="D" time="0.004"/>
  <system-out>
    <![CDATA[Tc D is done]]>
  </system-out>
  <testcase classname="TestNGKeywords.enabled2" name="A" time="0.023"/>
  <system-out>
    <![CDATA[Tc A is done]]>
  </system-out>
  <testcase classname="TestNGKeywords.enabled2" name="C" time="0.010"/>
  <system-out>
    <![CDATA[Tc C is done]]>
  </system-out>
  <testcase classname="TestNGKeywords.enabled2" name="B">
    <skipped/>
  </testcase> <!-- B -->
  <system-out/>
</testsuite> <!-- TestNGKeywords.enabled2 -->
