<?xml version="1.0" encoding="UTF-8"?>
<!-- Generated by org.testng.reporters.JUnitReportReporter -->
<testsuite hostname="LAPTOP-CTV4CP29" failures="0" tests="4" name="TestNGKeywords.DependsOn" time="0.044" errors="0" timestamp="2023-01-31T10:34:00 IST" skipped="0">
  <testcase classname="TestNGKeywords.DependsOn" name="D" time="0.002"/>
  <system-out>
    <![CDATA[Tc D is done]]>
  </system-out>
  <testcase classname="TestNGKeywords.DependsOn" name="B" time="0.003"/>
  <system-out>
    <![CDATA[Tc B is done]]>
  </system-out>
  <testcase classname="TestNGKeywords.DependsOn" name="C" time="0.005"/>
  <system-out>
    <![CDATA[Tc C is done]]>
  </system-out>
  <testcase classname="TestNGKeywords.DependsOn" name="A" time="0.034"/>
  <system-out>
    <![CDATA[Tc A is done]]>
  </system-out>
</testsuite> <!-- TestNGKeywords.DependsOn -->
