<?xml version="1.0" encoding="UTF-8"?>
<!-- Generated by org.testng.reporters.JUnitReportReporter -->
<testsuite hostname="LAPTOP-CTV4CP29" failures="0" tests="1" name="SerialAndParallelExecution.Testing3" time="8.922" errors="0" timestamp="2022-11-15T12:49:06 IST" skipped="0">
  <testcase classname="SerialAndParallelExecution.Testing3" name="KiteLogin" time="8.922"/>
  <system-out>
    <![CDATA[KiteLaunched]]>
  </system-out>
</testsuite> <!-- SerialAndParallelExecution.Testing3 -->
