<?xml version="1.0" encoding="UTF-8"?>
<!-- Generated by org.testng.reporters.JUnitReportReporter -->
<testsuite hostname="LAPTOP-CTV4CP29" failures="0" tests="3" name="TestNGXML.Testing2" time="0.034" errors="0" timestamp="2023-01-31T11:16:31 IST" skipped="0">
  <testcase classname="TestNGXML.Testing2" name="J" time="0.006"/>
  <system-out>
    <![CDATA[J Tc is Running]]>
  </system-out>
  <testcase classname="TestNGXML.Testing2" name="I" time="0.024"/>
  <system-out>
    <![CDATA[I Tc is Running]]>
  </system-out>
  <testcase classname="TestNGXML.Testing2" name="f" time="0.004"/>
  <system-out>
    <![CDATA[E Tc is Running]]>
  </system-out>
</testsuite> <!-- TestNGXML.Testing2 -->
