<?xml version="1.0" encoding="UTF-8"?>
<!-- Generated by org.testng.reporters.JUnitReportReporter -->
<testsuite hostname="LAPTOP-CTV4CP29" failures="0" tests="4" name="TestNGKeywords.Priority" time="0.039" errors="0" timestamp="2023-01-31T17:57:19 IST" skipped="0">
  <testcase classname="TestNGKeywords.Priority" name="C" time="0.028"/>
  <system-out>
    <![CDATA[Tc C is done]]>
  </system-out>
  <testcase classname="TestNGKeywords.Priority" name="D" time="0.005"/>
  <system-out>
    <![CDATA[Tc D is done]]>
  </system-out>
  <testcase classname="TestNGKeywords.Priority" name="A" time="0.004"/>
  <system-out>
    <![CDATA[Tc A is done]]>
  </system-out>
  <testcase classname="TestNGKeywords.Priority" name="B" time="0.002"/>
  <system-out>
    <![CDATA[Tc B is done]]>
  </system-out>
</testsuite> <!-- TestNGKeywords.Priority -->
