<?xml version="1.0" encoding="UTF-8"?>
<!-- Generated by org.testng.reporters.JUnitReportReporter -->
<testsuite hostname="LAPTOP-CTV4CP29" failures="0" tests="4" name="TestNGKeywords.enabled" time="0.031" errors="0" timestamp="2023-01-31T10:28:01 IST" skipped="1">
  <testcase classname="TestNGKeywords.enabled" name="D" time="0.005"/>
  <system-out>
    <![CDATA[Tc D is done]]>
  </system-out>
  <testcase classname="TestNGKeywords.enabled" name="A" time="0.023"/>
  <system-out>
    <![CDATA[Tc A is done]]>
  </system-out>
  <testcase classname="TestNGKeywords.enabled" name="C" time="0.003"/>
  <system-out>
    <![CDATA[Tc C is done]]>
  </system-out>
  <testcase classname="TestNGKeywords.enabled" name="B">
    <skipped/>
  </testcase> <!-- B -->
  <system-out/>
</testsuite> <!-- TestNGKeywords.enabled -->
