<?xml version="1.0" encoding="UTF-8"?>
<!-- Generated by org.testng.reporters.JUnitReportReporter -->
<testsuite hostname="LAPTOP-CTV4CP29" failures="0" tests="3" name="TestNGXML.Testing1" time="0.030" errors="0" timestamp="2023-01-31T11:13:38 IST" skipped="0">
  <testcase classname="TestNGXML.Testing1" name="E" time="0.003"/>
  <system-out>
    <![CDATA[E Tc is Running]]>
  </system-out>
  <testcase classname="TestNGXML.Testing1" name="A" time="0.024"/>
  <system-out>
    <![CDATA[A TC is Running]]>
  </system-out>
  <testcase classname="TestNGXML.Testing1" name="D" time="0.003"/>
  <system-out>
    <![CDATA[D Tc is Running]]>
  </system-out>
</testsuite> <!-- TestNGXML.Testing1 -->
