<?xml version="1.0" encoding="UTF-8"?>
<!-- Generated by org.testng.reporters.JUnitReportReporter -->
<testsuite hostname="LAPTOP-CTV4CP29" failures="0" tests="3" name="TestNGXML.Testingone" time="0.027" errors="0" timestamp="2023-01-31T11:37:06 IST" skipped="0">
  <testcase classname="TestNGXML.Testingone" name="C" time="0.005"/>
  <system-out>
    <![CDATA[C Tc is Running]]>
  </system-out>
  <testcase classname="TestNGXML.Testingone" name="D" time="0.002"/>
  <system-out>
    <![CDATA[D Tc is Running]]>
  </system-out>
  <testcase classname="TestNGXML.Testingone" name="B" time="0.020"/>
  <system-out>
    <![CDATA[B Tc is Running]]>
  </system-out>
</testsuite> <!-- TestNGXML.Testingone -->
