<?xml version="1.0" encoding="UTF-8"?>
<!-- Generated by org.testng.reporters.JUnitReportReporter -->
<testsuite hostname="LAPTOP-CTV4CP29" failures="0" tests="1" name="AssertUsingTestNG.HardAssert2" time="0.026" errors="0" timestamp="2023-01-31T17:02:37 IST" skipped="0">
  <testcase classname="AssertUsingTestNG.HardAssert2" name="Tc" time="0.026"/>
  <system-out/>
</testsuite> <!-- AssertUsingTestNG.HardAssert2 -->
