<?xml version="1.0" encoding="UTF-8"?>
<!-- Generated by org.testng.reporters.JUnitReportReporter -->
<testsuite hostname="LAPTOP-CTV4CP29" failures="0" tests="1" name="VerficationUsingTestNG.HardAssert2" time="0.025" errors="0" timestamp="2022-11-16T10:29:31 IST" skipped="0">
  <testcase classname="VerficationUsingTestNG.HardAssert2" name="Tc" time="0.025"/>
  <system-out/>
</testsuite> <!-- VerficationUsingTestNG.HardAssert2 -->
