<?xml version="1.0" encoding="UTF-8"?>
<!-- Generated by org.testng.reporters.JUnitReportReporter -->
<testsuite hostname="LAPTOP-CTV4CP29" failures="0" tests="1" name="ParallelTestNG.Parallel2" time="11.327" errors="0" timestamp="2023-01-31T12:02:31 IST" skipped="0">
  <testcase classname="ParallelTestNG.Parallel2" name="CricbuzzLaunch" time="11.327"/>
  <system-out>
    <![CDATA[Cricbuzz is Launched]]>
  </system-out>
</testsuite> <!-- ParallelTestNG.Parallel2 -->
